shared/build/outputs/logs/manifest-merger-debug-report.txt
-- Merging decision tree log ---
manifest
ADDED from src/androidMain/AndroidManifest.xml:2:1-47
INJECTED from src/androidMain/AndroidManifest.xml:2:1-47
INJECTED from src/androidMain/AndroidManifest.xml:2:1-47
	package
		ADDED from src/androidMain/AndroidManifest.xml:2:11-44
		INJECTED from src/androidMain/AndroidManifest.xml
		INJECTED from src/androidMain/AndroidManifest.xml
	xmlns:android
		ADDED from src/androidMain/AndroidManifest.xml:2:1-47
uses-sdk
INJECTED from src/androidMain/AndroidManifest.xml reason: use-sdk injection requested
INJECTED from src/androidMain/AndroidManifest.xml
INJECTED from src/androidMain/AndroidManifest.xml
INJECTED from src/androidMain/AndroidManifest.xml
INJECTED from src/androidMain/AndroidManifest.xml
	android:targetSdkVersion
		INJECTED from src/androidMain/AndroidManifest.xml
		ADDED from src/androidMain/AndroidManifest.xml
		INJECTED from src/androidMain/AndroidManifest.xml
	android:minSdkVersion
		INJECTED from src/androidMain/AndroidManifest.xml
		ADDED from src/androidMain/AndroidManifest.xml
		INJECTED from src/androidMain/AndroidManifest.xml